<?xml version="1.0" encoding="UTF-8"?>
<robot generator="Robot 7.3.2 (Python 3.13.9 on win32)" generated="2025-11-24T16:43:09.278571" rpa="false" schemaversion="5">
<suite id="s1" name="Test Main" source="C:\kurssit\ohtu\TEKA3003-Miniprojekti\src\tests\test_main.robot">
<test id="s1-t1" name="Test Adding New Entry Interactively" line="10">
<kw name="Set Variable" owner="BuiltIn">
<msg time="2025-11-24T16:43:09.315573" level="INFO">${input} = testaus
 testitesti
 y
</msg>
<var>${input}</var>
<arg>testaus\n testitesti\n y\n</arg>
<doc>Returns the given values which can then be assigned to a variables.</doc>
<status status="PASS" start="2025-11-24T16:43:09.315342" elapsed="0.000314"/>
</kw>
<kw name="Run Process" owner="Process">
<msg time="2025-11-24T16:43:09.318908" level="INFO">Starting process:
python src/main.py testi.bib</msg>
<msg time="2025-11-24T16:43:09.331039" level="INFO">Waiting for process to complete.</msg>
<msg time="2025-11-24T16:43:09.394455" level="INFO">Process completed.</msg>
<msg time="2025-11-24T16:43:09.394819" level="INFO">${result} = &lt;result object with rc 1&gt;</msg>
<var>${result}</var>
<arg>${PYTHON}</arg>
<arg>${SCRIPT}</arg>
<arg>${BIBFILE}</arg>
<arg>stdin=${input}</arg>
<arg>stdout=PIPE</arg>
<arg>stderr=PIPE</arg>
<doc>Runs a process and waits for it to complete.</doc>
<status status="PASS" start="2025-11-24T16:43:09.317175" elapsed="0.077685"/>
</kw>
<kw name="Should Contain" owner="BuiltIn">
<msg time="2025-11-24T16:43:09.415488" level="FAIL">'Traceback (most recent call last):
  File "C:\kurssit\ohtu\TEKA3003-Miniprojekti\src\main.py", line 6, in &lt;module&gt;
    import bibtex
  File "C:\kurssit\ohtu\TEKA3003-Miniprojekti\src\bibtex.py", line 5, in &lt;module&gt;
    import bibtexparser # type: ignore
    ^^^^^^^^^^^^^^^^^^^
ModuleNotFoundError: No module named 'bibtexparser'' does not contain '@article{testaus'</msg>
<arg>${result.stdout}</arg>
<arg>@article{testaus</arg>
<doc>Fails if ``container`` does not contain ``item`` one or more times.</doc>
<status status="FAIL" start="2025-11-24T16:43:09.395361" elapsed="0.020470">'Traceback (most recent call last):
  File "C:\kurssit\ohtu\TEKA3003-Miniprojekti\src\main.py", line 6, in &lt;module&gt;
    import bibtex
  File "C:\kurssit\ohtu\TEKA3003-Miniprojekti\src\bibtex.py", line 5, in &lt;module&gt;
    import bibtexparser # type: ignore
    ^^^^^^^^^^^^^^^^^^^
ModuleNotFoundError: No module named 'bibtexparser'' does not contain '@article{testaus'</status>
</kw>
<kw name="Should Contain" owner="BuiltIn">
<arg>${result.stdout}</arg>
<arg>title = {testitesti}</arg>
<doc>Fails if ``container`` does not contain ``item`` one or more times.</doc>
<status status="NOT RUN" start="2025-11-24T16:43:09.416454" elapsed="0.000093"/>
</kw>
<status status="FAIL" start="2025-11-24T16:43:09.314450" elapsed="0.102600">'Traceback (most recent call last):
  File "C:\kurssit\ohtu\TEKA3003-Miniprojekti\src\main.py", line 6, in &lt;module&gt;
    import bibtex
  File "C:\kurssit\ohtu\TEKA3003-Miniprojekti\src\bibtex.py", line 5, in &lt;module&gt;
    import bibtexparser # type: ignore
    ^^^^^^^^^^^^^^^^^^^
ModuleNotFoundError: No module named 'bibtexparser'' does not contain '@article{testaus'</status>
</test>
<status status="FAIL" start="2025-11-24T16:43:09.280235" elapsed="0.138380"/>
</suite>
<statistics>
<total>
<stat pass="0" fail="1" skip="0">All Tests</stat>
</total>
<tag>
</tag>
<suite>
<stat name="Test Main" id="s1" pass="0" fail="1" skip="0">Test Main</stat>
</suite>
</statistics>
<errors>
</errors>
</robot>
